Analysis & Synthesis report for GECKO
Wed Oct 04 12:18:51 2017
Quartus Prime Version 17.0.0 Build 595 04/25/2017 SJ Lite Edition


---------------------
; Table of Contents ;
---------------------
  1. Legal Notice
  2. Analysis & Synthesis Summary
  3. Analysis & Synthesis Settings
  4. Parallel Compilation
  5. Analysis & Synthesis Source Files Read
  6. Analysis & Synthesis Resource Usage Summary
  7. Analysis & Synthesis Resource Utilization by Entity
  8. Registers Removed During Synthesis
  9. Removed Registers Triggering Further Register Optimizations
 10. General Register Statistics
 11. Post-Synthesis Netlist Statistics for Top Partition
 12. Elapsed Time Per Partition
 13. Analysis & Synthesis Messages



----------------
; Legal Notice ;
----------------
Copyright (C) 2017  Intel Corporation. All rights reserved.
Your use of Intel Corporation's design tools, logic functions 
and other software and tools, and its AMPP partner logic 
functions, and any output files from any of the foregoing 
(including device programming or simulation files), and any 
associated documentation or information are expressly subject 
to the terms and conditions of the Intel Program License 
Subscription Agreement, the Intel Quartus Prime License Agreement,
the Intel MegaCore Function License Agreement, or other 
applicable license agreement, including, without limitation, 
that your use is for the sole purpose of programming logic 
devices manufactured by Intel and sold by Intel or its 
authorized distributors.  Please refer to the applicable 
agreement for further details.



+----------------------------------------------------------------------------------+
; Analysis & Synthesis Summary                                                     ;
+------------------------------------+---------------------------------------------+
; Analysis & Synthesis Status        ; Successful - Wed Oct 04 12:18:51 2017       ;
; Quartus Prime Version              ; 17.0.0 Build 595 04/25/2017 SJ Lite Edition ;
; Revision Name                      ; GECKO                                       ;
; Top-level Entity Name              ; GECKO                                       ;
; Family                             ; Cyclone IV E                                ;
; Total logic elements               ; 0                                           ;
;     Total combinational functions  ; 0                                           ;
;     Dedicated logic registers      ; 0                                           ;
; Total registers                    ; 0                                           ;
; Total pins                         ; 98                                          ;
; Total virtual pins                 ; 0                                           ;
; Total memory bits                  ; 0                                           ;
; Embedded Multiplier 9-bit elements ; 0                                           ;
; Total PLLs                         ; 0                                           ;
+------------------------------------+---------------------------------------------+


+----------------------------------------------------------------------------------------------------------------------+
; Analysis & Synthesis Settings                                                                                        ;
+----------------------------------------------------------------------------+--------------------+--------------------+
; Option                                                                     ; Setting            ; Default Value      ;
+----------------------------------------------------------------------------+--------------------+--------------------+
; Device                                                                     ; EP4CE30F23C8       ;                    ;
; Top-level entity name                                                      ; GECKO              ; GECKO              ;
; Family name                                                                ; Cyclone IV E       ; Cyclone V          ;
; Use smart compilation                                                      ; Off                ; Off                ;
; Enable parallel Assembler and TimeQuest Timing Analyzer during compilation ; On                 ; On                 ;
; Enable compact report table                                                ; Off                ; Off                ;
; Restructure Multiplexers                                                   ; Auto               ; Auto               ;
; Create Debugging Nodes for IP Cores                                        ; Off                ; Off                ;
; Preserve fewer node names                                                  ; On                 ; On                 ;
; OpenCore Plus hardware evaluation                                          ; Enable             ; Enable             ;
; Verilog Version                                                            ; Verilog_2001       ; Verilog_2001       ;
; VHDL Version                                                               ; VHDL_1993          ; VHDL_1993          ;
; State Machine Processing                                                   ; Auto               ; Auto               ;
; Safe State Machine                                                         ; Off                ; Off                ;
; Extract Verilog State Machines                                             ; On                 ; On                 ;
; Extract VHDL State Machines                                                ; On                 ; On                 ;
; Ignore Verilog initial constructs                                          ; Off                ; Off                ;
; Iteration limit for constant Verilog loops                                 ; 5000               ; 5000               ;
; Iteration limit for non-constant Verilog loops                             ; 250                ; 250                ;
; Add Pass-Through Logic to Inferred RAMs                                    ; On                 ; On                 ;
; Infer RAMs from Raw Logic                                                  ; On                 ; On                 ;
; Parallel Synthesis                                                         ; On                 ; On                 ;
; DSP Block Balancing                                                        ; Auto               ; Auto               ;
; NOT Gate Push-Back                                                         ; On                 ; On                 ;
; Power-Up Don't Care                                                        ; On                 ; On                 ;
; Remove Redundant Logic Cells                                               ; Off                ; Off                ;
; Remove Duplicate Registers                                                 ; On                 ; On                 ;
; Ignore CARRY Buffers                                                       ; Off                ; Off                ;
; Ignore CASCADE Buffers                                                     ; Off                ; Off                ;
; Ignore GLOBAL Buffers                                                      ; Off                ; Off                ;
; Ignore ROW GLOBAL Buffers                                                  ; Off                ; Off                ;
; Ignore LCELL Buffers                                                       ; Off                ; Off                ;
; Ignore SOFT Buffers                                                        ; On                 ; On                 ;
; Limit AHDL Integers to 32 Bits                                             ; Off                ; Off                ;
; Optimization Technique                                                     ; Balanced           ; Balanced           ;
; Carry Chain Length                                                         ; 70                 ; 70                 ;
; Auto Carry Chains                                                          ; On                 ; On                 ;
; Auto Open-Drain Pins                                                       ; On                 ; On                 ;
; Perform WYSIWYG Primitive Resynthesis                                      ; Off                ; Off                ;
; Auto ROM Replacement                                                       ; On                 ; On                 ;
; Auto RAM Replacement                                                       ; On                 ; On                 ;
; Auto DSP Block Replacement                                                 ; On                 ; On                 ;
; Auto Shift Register Replacement                                            ; Auto               ; Auto               ;
; Allow Shift Register Merging across Hierarchies                            ; Auto               ; Auto               ;
; Auto Clock Enable Replacement                                              ; On                 ; On                 ;
; Strict RAM Replacement                                                     ; Off                ; Off                ;
; Allow Synchronous Control Signals                                          ; On                 ; On                 ;
; Force Use of Synchronous Clear Signals                                     ; Off                ; Off                ;
; Auto RAM Block Balancing                                                   ; On                 ; On                 ;
; Auto RAM to Logic Cell Conversion                                          ; Off                ; Off                ;
; Auto Resource Sharing                                                      ; Off                ; Off                ;
; Allow Any RAM Size For Recognition                                         ; Off                ; Off                ;
; Allow Any ROM Size For Recognition                                         ; Off                ; Off                ;
; Allow Any Shift Register Size For Recognition                              ; Off                ; Off                ;
; Use LogicLock Constraints during Resource Balancing                        ; On                 ; On                 ;
; Ignore translate_off and synthesis_off directives                          ; Off                ; Off                ;
; Timing-Driven Synthesis                                                    ; On                 ; On                 ;
; Report Parameter Settings                                                  ; On                 ; On                 ;
; Report Source Assignments                                                  ; On                 ; On                 ;
; Report Connectivity Checks                                                 ; On                 ; On                 ;
; Ignore Maximum Fan-Out Assignments                                         ; Off                ; Off                ;
; Synchronization Register Chain Length                                      ; 2                  ; 2                  ;
; PowerPlay Power Optimization During Synthesis                              ; Normal compilation ; Normal compilation ;
; HDL message level                                                          ; Level2             ; Level2             ;
; Suppress Register Optimization Related Messages                            ; Off                ; Off                ;
; Number of Removed Registers Reported in Synthesis Report                   ; 5000               ; 5000               ;
; Number of Swept Nodes Reported in Synthesis Report                         ; 5000               ; 5000               ;
; Number of Inverted Registers Reported in Synthesis Report                  ; 100                ; 100                ;
; Clock MUX Protection                                                       ; On                 ; On                 ;
; Auto Gated Clock Conversion                                                ; Off                ; Off                ;
; Block Design Naming                                                        ; Auto               ; Auto               ;
; SDC constraint protection                                                  ; Off                ; Off                ;
; Synthesis Effort                                                           ; Auto               ; Auto               ;
; Shift Register Replacement - Allow Asynchronous Clear Signal               ; On                 ; On                 ;
; Pre-Mapping Resynthesis Optimization                                       ; Off                ; Off                ;
; Analysis & Synthesis Message Level                                         ; Medium             ; Medium             ;
; Disable Register Merging Across Hierarchies                                ; Auto               ; Auto               ;
; Resource Aware Inference For Block RAM                                     ; On                 ; On                 ;
+----------------------------------------------------------------------------+--------------------+--------------------+


+------------------------------------------+
; Parallel Compilation                     ;
+----------------------------+-------------+
; Processors                 ; Number      ;
+----------------------------+-------------+
; Number detected on machine ; 8           ;
; Maximum allowed            ; 4           ;
;                            ;             ;
; Average used               ; 1.00        ;
; Maximum used               ; 1           ;
;                            ;             ;
; Usage by Processor         ; % Time Used ;
;     Processor 1            ; 100.0%      ;
+----------------------------+-------------+


+---------------------------------------------------------------------------------------------------------------------------------------------------------------------+
; Analysis & Synthesis Source Files Read                                                                                                                              ;
+----------------------------------+-----------------+------------------------------------+-----------------------------------------------------------------+---------+
; File Name with User-Entered Path ; Used in Netlist ; File Type                          ; File Name with Absolute Path                                    ; Library ;
+----------------------------------+-----------------+------------------------------------+-----------------------------------------------------------------+---------+
; GECKO.bdf                        ; yes             ; User Block Diagram/Schematic File  ; C:/Users/Florian/Desktop/EPFL/ArchOrd/Lab02/quartus/GECKO.bdf   ;         ;
; ../vhdl/ROM.vhd                  ; yes             ; User VHDL File                     ; C:/Users/Florian/Desktop/EPFL/ArchOrd/Lab02/vhdl/ROM.vhd        ;         ;
; ../vhdl/RAM.vhd                  ; yes             ; User VHDL File                     ; C:/Users/Florian/Desktop/EPFL/ArchOrd/Lab02/vhdl/RAM.vhd        ;         ;
; ../vhdl/LEDs.vhd                 ; yes             ; User VHDL File                     ; C:/Users/Florian/Desktop/EPFL/ArchOrd/Lab02/vhdl/LEDs.vhd       ;         ;
; ../vhdl/decoder.vhd              ; yes             ; User VHDL File                     ; C:/Users/Florian/Desktop/EPFL/ArchOrd/Lab02/vhdl/decoder.vhd    ;         ;
; ../vhdl/Controller.vhd           ; yes             ; User VHDL File                     ; C:/Users/Florian/Desktop/EPFL/ArchOrd/Lab02/vhdl/Controller.vhd ;         ;
+----------------------------------+-----------------+------------------------------------+-----------------------------------------------------------------+---------+


+---------------------------------------------------------------+
; Analysis & Synthesis Resource Usage Summary                   ;
+---------------------------------------------+-----------------+
; Resource                                    ; Usage           ;
+---------------------------------------------+-----------------+
;                                             ;                 ;
; Total combinational functions               ; 0               ;
; Logic element usage by number of LUT inputs ;                 ;
;     -- 4 input functions                    ; 0               ;
;     -- 3 input functions                    ; 0               ;
;     -- <=2 input functions                  ; 0               ;
;                                             ;                 ;
; Logic elements by mode                      ;                 ;
;     -- normal mode                          ; 0               ;
;     -- arithmetic mode                      ; 0               ;
;                                             ;                 ;
; Total registers                             ; 0               ;
;     -- Dedicated logic registers            ; 0               ;
;     -- I/O registers                        ; 0               ;
;                                             ;                 ;
; I/O pins                                    ; 98              ;
;                                             ;                 ;
; Embedded Multiplier 9-bit elements          ; 0               ;
;                                             ;                 ;
; Maximum fan-out node                        ; row1[11]~output ;
; Maximum fan-out                             ; 1               ;
; Total fan-out                               ; 98              ;
; Average fan-out                             ; 0.50            ;
+---------------------------------------------+-----------------+


+----------------------------------------------------------------------------------------------------------------------------------------------------------------------------------------------------------+
; Analysis & Synthesis Resource Utilization by Entity                                                                                                                                                      ;
+----------------------------+---------------------+---------------------------+-------------+--------------+---------+-----------+------+--------------+---------------------+-------------+--------------+
; Compilation Hierarchy Node ; Combinational ALUTs ; Dedicated Logic Registers ; Memory Bits ; DSP Elements ; DSP 9x9 ; DSP 18x18 ; Pins ; Virtual Pins ; Full Hierarchy Name ; Entity Name ; Library Name ;
+----------------------------+---------------------+---------------------------+-------------+--------------+---------+-----------+------+--------------+---------------------+-------------+--------------+
; |GECKO                     ; 0 (0)               ; 0 (0)                     ; 0           ; 0            ; 0       ; 0         ; 98   ; 0            ; |GECKO              ; GECKO       ; work         ;
+----------------------------+---------------------+---------------------------+-------------+--------------+---------+-----------+------+--------------+---------------------+-------------+--------------+
Note: For table entries with two numbers listed, the numbers in parentheses indicate the number of resources of the given type used by the specific entity alone. The numbers listed outside of parentheses indicate the total resources of the given type used by the specific entity and all of its sub-entities in the hierarchy.


+---------------------------------------------------------------------------------------+
; Registers Removed During Synthesis                                                    ;
+-----------------------------------------+---------------------------------------------+
; Register name                           ; Reason for Removal                          ;
+-----------------------------------------+---------------------------------------------+
; LEDs:LEDs_0|LEDs_reg[0..95]             ; Stuck at GND due to stuck port clock_enable ;
; LEDs:LEDs_0|duty_cycle[4..7]            ; Stuck at GND due to stuck port clock_enable ;
; LEDs:LEDs_0|duty_cycle[0..3]            ; Stuck at VCC due to stuck port clock_enable ;
; LEDs:LEDs_0|counter[0..7]               ; Lost fanout                                 ;
; Total Number of Removed Registers = 112 ;                                             ;
+-----------------------------------------+---------------------------------------------+


+-------------------------------------------------------------------------------------------------------------+
; Removed Registers Triggering Further Register Optimizations                                                 ;
+---------------------------+--------------------------------+------------------------------------------------+
; Register name             ; Reason for Removal             ; Registers Removed due to This Register         ;
+---------------------------+--------------------------------+------------------------------------------------+
; LEDs:LEDs_0|LEDs_reg[95]  ; Stuck at GND                   ; LEDs:LEDs_0|counter[7], LEDs:LEDs_0|counter[6] ;
;                           ; due to stuck port clock_enable ;                                                ;
; LEDs:LEDs_0|duty_cycle[6] ; Stuck at GND                   ; LEDs:LEDs_0|counter[5]                         ;
;                           ; due to stuck port clock_enable ;                                                ;
; LEDs:LEDs_0|duty_cycle[5] ; Stuck at GND                   ; LEDs:LEDs_0|counter[4]                         ;
;                           ; due to stuck port clock_enable ;                                                ;
; LEDs:LEDs_0|duty_cycle[4] ; Stuck at GND                   ; LEDs:LEDs_0|counter[3]                         ;
;                           ; due to stuck port clock_enable ;                                                ;
; LEDs:LEDs_0|duty_cycle[3] ; Stuck at VCC                   ; LEDs:LEDs_0|counter[2]                         ;
;                           ; due to stuck port clock_enable ;                                                ;
; LEDs:LEDs_0|duty_cycle[2] ; Stuck at VCC                   ; LEDs:LEDs_0|counter[1]                         ;
;                           ; due to stuck port clock_enable ;                                                ;
; LEDs:LEDs_0|duty_cycle[1] ; Stuck at VCC                   ; LEDs:LEDs_0|counter[0]                         ;
;                           ; due to stuck port clock_enable ;                                                ;
+---------------------------+--------------------------------+------------------------------------------------+


+------------------------------------------------------+
; General Register Statistics                          ;
+----------------------------------------------+-------+
; Statistic                                    ; Value ;
+----------------------------------------------+-------+
; Total registers                              ; 0     ;
; Number of registers using Synchronous Clear  ; 0     ;
; Number of registers using Synchronous Load   ; 0     ;
; Number of registers using Asynchronous Clear ; 0     ;
; Number of registers using Asynchronous Load  ; 0     ;
; Number of registers using Clock Enable       ; 0     ;
; Number of registers using Preset             ; 0     ;
+----------------------------------------------+-------+


+-----------------------------------------------------+
; Post-Synthesis Netlist Statistics for Top Partition ;
+-----------------------+-----------------------------+
; Type                  ; Count                       ;
+-----------------------+-----------------------------+
; boundary_port         ; 98                          ;
; cycloneiii_lcell_comb ; 1                           ;
;     normal            ; 1                           ;
;         0 data inputs ; 1                           ;
;                       ;                             ;
; Max LUT depth         ; 0.00                        ;
; Average LUT depth     ; 0.00                        ;
+-----------------------+-----------------------------+


+-------------------------------+
; Elapsed Time Per Partition    ;
+----------------+--------------+
; Partition Name ; Elapsed Time ;
+----------------+--------------+
; Top            ; 00:00:02     ;
+----------------+--------------+


+-------------------------------+
; Analysis & Synthesis Messages ;
+-------------------------------+
Info: *******************************************************************
Info: Running Quartus Prime Analysis & Synthesis
    Info: Version 17.0.0 Build 595 04/25/2017 SJ Lite Edition
    Info: Processing started: Wed Oct 04 12:18:30 2017
Info: Command: quartus_map --read_settings_files=on --write_settings_files=off GECKO -c GECKO
Info (125069): Default assignment values were changed in the current version of the Quartus Prime software -- changes to default assignments values are contained in file c:/intelfpga_lite/17.0/quartus/bin64/assignment_defaults.qdf
Warning (18236): Number of processors has not been specified which may cause overloading on shared machines.  Set the global assignment NUM_PARALLEL_PROCESSORS in your QSF to an appropriate value for best performance.
Info (20030): Parallel compilation is enabled and will use 4 of the 4 processors detected
Info (12021): Found 1 design units, including 1 entities, in source file gecko.bdf
    Info (12023): Found entity 1: GECKO
Info (12021): Found 2 design units, including 1 entities, in source file /users/florian/desktop/epfl/archord/lab02/vhdl/rom_block.vhd
    Info (12022): Found design unit 1: rom_block-SYN File: C:/Users/Florian/Desktop/EPFL/ArchOrd/Lab02/vhdl/ROM_Block.vhd Line: 52
    Info (12023): Found entity 1: ROM_Block File: C:/Users/Florian/Desktop/EPFL/ArchOrd/Lab02/vhdl/ROM_Block.vhd Line: 42
Info (12021): Found 2 design units, including 1 entities, in source file /users/florian/desktop/epfl/archord/lab02/vhdl/rom.vhd
    Info (12022): Found design unit 1: ROM-synth File: C:/Users/Florian/Desktop/EPFL/ArchOrd/Lab02/vhdl/ROM.vhd Line: 14
    Info (12023): Found entity 1: ROM File: C:/Users/Florian/Desktop/EPFL/ArchOrd/Lab02/vhdl/ROM.vhd Line: 4
Info (12021): Found 4 design units, including 1 entities, in source file /users/florian/desktop/epfl/archord/lab02/vhdl/rgb_led96.vhd
    Info (12022): Found design unit 1: pack File: C:/Users/Florian/Desktop/EPFL/ArchOrd/Lab02/vhdl/rgb_led96.vhd Line: 12
    Info (12022): Found design unit 2: pack-body File: C:/Users/Florian/Desktop/EPFL/ArchOrd/Lab02/vhdl/rgb_led96.vhd Line: 17
    Info (12022): Found design unit 3: rgb_led96-arch File: C:/Users/Florian/Desktop/EPFL/ArchOrd/Lab02/vhdl/rgb_led96.vhd Line: 80
    Info (12023): Found entity 1: rgb_led96 File: C:/Users/Florian/Desktop/EPFL/ArchOrd/Lab02/vhdl/rgb_led96.vhd Line: 46
Info (12021): Found 2 design units, including 1 entities, in source file /users/florian/desktop/epfl/archord/lab02/vhdl/register_file.vhd
    Info (12022): Found design unit 1: register_file-synth File: C:/Users/Florian/Desktop/EPFL/ArchOrd/Lab02/vhdl/register_file.vhd Line: 18
    Info (12023): Found entity 1: register_file File: C:/Users/Florian/Desktop/EPFL/ArchOrd/Lab02/vhdl/register_file.vhd Line: 5
Info (12021): Found 2 design units, including 1 entities, in source file /users/florian/desktop/epfl/archord/lab02/vhdl/ram.vhd
    Info (12022): Found design unit 1: RAM-synth File: C:/Users/Florian/Desktop/EPFL/ArchOrd/Lab02/vhdl/RAM.vhd Line: 16
    Info (12023): Found entity 1: RAM File: C:/Users/Florian/Desktop/EPFL/ArchOrd/Lab02/vhdl/RAM.vhd Line: 5
Info (12021): Found 2 design units, including 1 entities, in source file /users/florian/desktop/epfl/archord/lab02/vhdl/leds.vhd
    Info (12022): Found design unit 1: LEDs-synth File: C:/Users/Florian/Desktop/EPFL/ArchOrd/Lab02/vhdl/LEDs.vhd Line: 22
    Info (12023): Found entity 1: LEDs File: C:/Users/Florian/Desktop/EPFL/ArchOrd/Lab02/vhdl/LEDs.vhd Line: 5
Info (12021): Found 2 design units, including 1 entities, in source file /users/florian/desktop/epfl/archord/lab02/vhdl/decoder.vhd
    Info (12022): Found design unit 1: decoder-synth File: C:/Users/Florian/Desktop/EPFL/ArchOrd/Lab02/vhdl/decoder.vhd Line: 13
    Info (12023): Found entity 1: decoder File: C:/Users/Florian/Desktop/EPFL/ArchOrd/Lab02/vhdl/decoder.vhd Line: 4
Info (12021): Found 2 design units, including 1 entities, in source file /users/florian/desktop/epfl/archord/lab02/vhdl/controller.vhd
    Info (12022): Found design unit 1: controller-synth File: C:/Users/Florian/Desktop/EPFL/ArchOrd/Lab02/vhdl/Controller.vhd Line: 17
    Info (12023): Found entity 1: controller File: C:/Users/Florian/Desktop/EPFL/ArchOrd/Lab02/vhdl/Controller.vhd Line: 5
Info (12127): Elaborating entity "GECKO" for the top level hierarchy
Info (12128): Elaborating entity "LEDs" for hierarchy "LEDs:LEDs_0"
Info (12128): Elaborating entity "decoder" for hierarchy "decoder:inst1"
Warning (10541): VHDL Signal Declaration warning at decoder.vhd(7): used implicit default value for signal "cs_LEDS" because signal was never assigned a value or an explicit default value. Use of implicit default value may introduce unintended design optimizations. File: C:/Users/Florian/Desktop/EPFL/ArchOrd/Lab02/vhdl/decoder.vhd Line: 7
Warning (10541): VHDL Signal Declaration warning at decoder.vhd(8): used implicit default value for signal "cs_RAM" because signal was never assigned a value or an explicit default value. Use of implicit default value may introduce unintended design optimizations. File: C:/Users/Florian/Desktop/EPFL/ArchOrd/Lab02/vhdl/decoder.vhd Line: 8
Warning (10541): VHDL Signal Declaration warning at decoder.vhd(9): used implicit default value for signal "cs_ROM" because signal was never assigned a value or an explicit default value. Use of implicit default value may introduce unintended design optimizations. File: C:/Users/Florian/Desktop/EPFL/ArchOrd/Lab02/vhdl/decoder.vhd Line: 9
Info (12128): Elaborating entity "controller" for hierarchy "controller:inst"
Warning (10541): VHDL Signal Declaration warning at Controller.vhd(9): used implicit default value for signal "read" because signal was never assigned a value or an explicit default value. Use of implicit default value may introduce unintended design optimizations. File: C:/Users/Florian/Desktop/EPFL/ArchOrd/Lab02/vhdl/Controller.vhd Line: 9
Warning (10541): VHDL Signal Declaration warning at Controller.vhd(10): used implicit default value for signal "write" because signal was never assigned a value or an explicit default value. Use of implicit default value may introduce unintended design optimizations. File: C:/Users/Florian/Desktop/EPFL/ArchOrd/Lab02/vhdl/Controller.vhd Line: 10
Warning (10541): VHDL Signal Declaration warning at Controller.vhd(11): used implicit default value for signal "address" because signal was never assigned a value or an explicit default value. Use of implicit default value may introduce unintended design optimizations. File: C:/Users/Florian/Desktop/EPFL/ArchOrd/Lab02/vhdl/Controller.vhd Line: 11
Warning (10541): VHDL Signal Declaration warning at Controller.vhd(13): used implicit default value for signal "wrdata" because signal was never assigned a value or an explicit default value. Use of implicit default value may introduce unintended design optimizations. File: C:/Users/Florian/Desktop/EPFL/ArchOrd/Lab02/vhdl/Controller.vhd Line: 13
Info (12128): Elaborating entity "ROM" for hierarchy "ROM:ROM_0"
Warning (10541): VHDL Signal Declaration warning at ROM.vhd(10): used implicit default value for signal "rddata" because signal was never assigned a value or an explicit default value. Use of implicit default value may introduce unintended design optimizations. File: C:/Users/Florian/Desktop/EPFL/ArchOrd/Lab02/vhdl/ROM.vhd Line: 10
Info (12128): Elaborating entity "RAM" for hierarchy "RAM:RAM_0"
Warning (10541): VHDL Signal Declaration warning at RAM.vhd(13): used implicit default value for signal "rddata" because signal was never assigned a value or an explicit default value. Use of implicit default value may introduce unintended design optimizations. File: C:/Users/Florian/Desktop/EPFL/ArchOrd/Lab02/vhdl/RAM.vhd Line: 13
Warning (13024): Output pins are stuck at VCC or GND
    Warning (13410): Pin "row1[11]" is stuck at GND
    Warning (13410): Pin "row1[10]" is stuck at GND
    Warning (13410): Pin "row1[9]" is stuck at GND
    Warning (13410): Pin "row1[8]" is stuck at GND
    Warning (13410): Pin "row1[7]" is stuck at GND
    Warning (13410): Pin "row1[6]" is stuck at GND
    Warning (13410): Pin "row1[5]" is stuck at GND
    Warning (13410): Pin "row1[4]" is stuck at GND
    Warning (13410): Pin "row1[3]" is stuck at GND
    Warning (13410): Pin "row1[2]" is stuck at GND
    Warning (13410): Pin "row1[1]" is stuck at GND
    Warning (13410): Pin "row1[0]" is stuck at GND
    Warning (13410): Pin "row2[11]" is stuck at GND
    Warning (13410): Pin "row2[10]" is stuck at GND
    Warning (13410): Pin "row2[9]" is stuck at GND
    Warning (13410): Pin "row2[8]" is stuck at GND
    Warning (13410): Pin "row2[7]" is stuck at GND
    Warning (13410): Pin "row2[6]" is stuck at GND
    Warning (13410): Pin "row2[5]" is stuck at GND
    Warning (13410): Pin "row2[4]" is stuck at GND
    Warning (13410): Pin "row2[3]" is stuck at GND
    Warning (13410): Pin "row2[2]" is stuck at GND
    Warning (13410): Pin "row2[1]" is stuck at GND
    Warning (13410): Pin "row2[0]" is stuck at GND
    Warning (13410): Pin "row3[11]" is stuck at GND
    Warning (13410): Pin "row3[10]" is stuck at GND
    Warning (13410): Pin "row3[9]" is stuck at GND
    Warning (13410): Pin "row3[8]" is stuck at GND
    Warning (13410): Pin "row3[7]" is stuck at GND
    Warning (13410): Pin "row3[6]" is stuck at GND
    Warning (13410): Pin "row3[5]" is stuck at GND
    Warning (13410): Pin "row3[4]" is stuck at GND
    Warning (13410): Pin "row3[3]" is stuck at GND
    Warning (13410): Pin "row3[2]" is stuck at GND
    Warning (13410): Pin "row3[1]" is stuck at GND
    Warning (13410): Pin "row3[0]" is stuck at GND
    Warning (13410): Pin "row4[11]" is stuck at GND
    Warning (13410): Pin "row4[10]" is stuck at GND
    Warning (13410): Pin "row4[9]" is stuck at GND
    Warning (13410): Pin "row4[8]" is stuck at GND
    Warning (13410): Pin "row4[7]" is stuck at GND
    Warning (13410): Pin "row4[6]" is stuck at GND
    Warning (13410): Pin "row4[5]" is stuck at GND
    Warning (13410): Pin "row4[4]" is stuck at GND
    Warning (13410): Pin "row4[3]" is stuck at GND
    Warning (13410): Pin "row4[2]" is stuck at GND
    Warning (13410): Pin "row4[1]" is stuck at GND
    Warning (13410): Pin "row4[0]" is stuck at GND
    Warning (13410): Pin "row5[11]" is stuck at GND
    Warning (13410): Pin "row5[10]" is stuck at GND
    Warning (13410): Pin "row5[9]" is stuck at GND
    Warning (13410): Pin "row5[8]" is stuck at GND
    Warning (13410): Pin "row5[7]" is stuck at GND
    Warning (13410): Pin "row5[6]" is stuck at GND
    Warning (13410): Pin "row5[5]" is stuck at GND
    Warning (13410): Pin "row5[4]" is stuck at GND
    Warning (13410): Pin "row5[3]" is stuck at GND
    Warning (13410): Pin "row5[2]" is stuck at GND
    Warning (13410): Pin "row5[1]" is stuck at GND
    Warning (13410): Pin "row5[0]" is stuck at GND
    Warning (13410): Pin "row6[11]" is stuck at GND
    Warning (13410): Pin "row6[10]" is stuck at GND
    Warning (13410): Pin "row6[9]" is stuck at GND
    Warning (13410): Pin "row6[8]" is stuck at GND
    Warning (13410): Pin "row6[7]" is stuck at GND
    Warning (13410): Pin "row6[6]" is stuck at GND
    Warning (13410): Pin "row6[5]" is stuck at GND
    Warning (13410): Pin "row6[4]" is stuck at GND
    Warning (13410): Pin "row6[3]" is stuck at GND
    Warning (13410): Pin "row6[2]" is stuck at GND
    Warning (13410): Pin "row6[1]" is stuck at GND
    Warning (13410): Pin "row6[0]" is stuck at GND
    Warning (13410): Pin "row7[11]" is stuck at GND
    Warning (13410): Pin "row7[10]" is stuck at GND
    Warning (13410): Pin "row7[9]" is stuck at GND
    Warning (13410): Pin "row7[8]" is stuck at GND
    Warning (13410): Pin "row7[7]" is stuck at GND
    Warning (13410): Pin "row7[6]" is stuck at GND
    Warning (13410): Pin "row7[5]" is stuck at GND
    Warning (13410): Pin "row7[4]" is stuck at GND
    Warning (13410): Pin "row7[3]" is stuck at GND
    Warning (13410): Pin "row7[2]" is stuck at GND
    Warning (13410): Pin "row7[1]" is stuck at GND
    Warning (13410): Pin "row7[0]" is stuck at GND
    Warning (13410): Pin "row8[11]" is stuck at GND
    Warning (13410): Pin "row8[10]" is stuck at GND
    Warning (13410): Pin "row8[9]" is stuck at GND
    Warning (13410): Pin "row8[8]" is stuck at GND
    Warning (13410): Pin "row8[7]" is stuck at GND
    Warning (13410): Pin "row8[6]" is stuck at GND
    Warning (13410): Pin "row8[5]" is stuck at GND
    Warning (13410): Pin "row8[4]" is stuck at GND
    Warning (13410): Pin "row8[3]" is stuck at GND
    Warning (13410): Pin "row8[2]" is stuck at GND
    Warning (13410): Pin "row8[1]" is stuck at GND
    Warning (13410): Pin "row8[0]" is stuck at GND
Info (17049): 8 registers lost all their fanouts during netlist optimizations.
Info (16010): Generating hard_block partition "hard_block:auto_generated_inst"
    Info (16011): Adding 0 node(s), including 0 DDIO, 0 PLL, 0 transceiver and 0 LCELL
Warning (21074): Design contains 2 input pin(s) that do not drive logic
    Warning (15610): No output dependent on input pin "clock"
    Warning (15610): No output dependent on input pin "n_reset"
Info (21057): Implemented 98 device resources after synthesis - the final resource count might be different
    Info (21058): Implemented 2 input pins
    Info (21059): Implemented 96 output pins
Info: Quartus Prime Analysis & Synthesis was successful. 0 errors, 110 warnings
    Info: Peak virtual memory: 685 megabytes
    Info: Processing ended: Wed Oct 04 12:18:51 2017
    Info: Elapsed time: 00:00:21
    Info: Total CPU time (on all processors): 00:00:28


