Analysis & Synthesis report for GECKO
Wed Oct 11 11:23:48 2017
Quartus Prime Version 16.0.0 Build 211 04/27/2016 SJ Lite Edition


---------------------
; Table of Contents ;
---------------------
  1. Legal Notice
  2. Analysis & Synthesis Summary
  3. Analysis & Synthesis Settings
  4. Parallel Compilation
  5. Analysis & Synthesis Messages



----------------
; Legal Notice ;
----------------
Copyright (C) 1991-2016 Altera Corporation. All rights reserved.
Your use of Altera Corporation's design tools, logic functions 
and other software and tools, and its AMPP partner logic 
functions, and any output files from any of the foregoing 
(including device programming or simulation files), and any 
associated documentation or information are expressly subject 
to the terms and conditions of the Altera Program License 
Subscription Agreement, the Altera Quartus Prime License Agreement,
the Altera MegaCore Function License Agreement, or other 
applicable license agreement, including, without limitation, 
that your use is for the sole purpose of programming logic 
devices manufactured by Altera and sold by Altera or its 
authorized distributors.  Please refer to the applicable 
agreement for further details.



+----------------------------------------------------------------------------------+
; Analysis & Synthesis Summary                                                     ;
+------------------------------------+---------------------------------------------+
; Analysis & Synthesis Status        ; Failed - Wed Oct 11 11:23:48 2017           ;
; Quartus Prime Version              ; 16.0.0 Build 211 04/27/2016 SJ Lite Edition ;
; Revision Name                      ; GECKO                                       ;
; Top-level Entity Name              ; GECKO                                       ;
; Family                             ; Cyclone IV E                                ;
; Total logic elements               ; N/A until Partition Merge                   ;
;     Total combinational functions  ; N/A until Partition Merge                   ;
;     Dedicated logic registers      ; N/A until Partition Merge                   ;
; Total registers                    ; N/A until Partition Merge                   ;
; Total pins                         ; N/A until Partition Merge                   ;
; Total virtual pins                 ; N/A until Partition Merge                   ;
; Total memory bits                  ; N/A until Partition Merge                   ;
; Embedded Multiplier 9-bit elements ; N/A until Partition Merge                   ;
; Total PLLs                         ; N/A until Partition Merge                   ;
+------------------------------------+---------------------------------------------+


+----------------------------------------------------------------------------------------------------------------------+
; Analysis & Synthesis Settings                                                                                        ;
+----------------------------------------------------------------------------+--------------------+--------------------+
; Option                                                                     ; Setting            ; Default Value      ;
+----------------------------------------------------------------------------+--------------------+--------------------+
; Device                                                                     ; EP4CE30F23C8       ;                    ;
; Top-level entity name                                                      ; GECKO              ; GECKO              ;
; Family name                                                                ; Cyclone IV E       ; Cyclone V          ;
; Use smart compilation                                                      ; On                 ; Off                ;
; Enable parallel Assembler and TimeQuest Timing Analyzer during compilation ; On                 ; On                 ;
; Enable compact report table                                                ; Off                ; Off                ;
; Restructure Multiplexers                                                   ; Auto               ; Auto               ;
; Create Debugging Nodes for IP Cores                                        ; Off                ; Off                ;
; Preserve fewer node names                                                  ; On                 ; On                 ;
; Disable OpenCore Plus hardware evaluation                                  ; Off                ; Off                ;
; Verilog Version                                                            ; Verilog_2001       ; Verilog_2001       ;
; VHDL Version                                                               ; VHDL_1993          ; VHDL_1993          ;
; State Machine Processing                                                   ; Auto               ; Auto               ;
; Safe State Machine                                                         ; Off                ; Off                ;
; Extract Verilog State Machines                                             ; On                 ; On                 ;
; Extract VHDL State Machines                                                ; On                 ; On                 ;
; Ignore Verilog initial constructs                                          ; Off                ; Off                ;
; Iteration limit for constant Verilog loops                                 ; 5000               ; 5000               ;
; Iteration limit for non-constant Verilog loops                             ; 250                ; 250                ;
; Add Pass-Through Logic to Inferred RAMs                                    ; On                 ; On                 ;
; Infer RAMs from Raw Logic                                                  ; On                 ; On                 ;
; Parallel Synthesis                                                         ; On                 ; On                 ;
; DSP Block Balancing                                                        ; Auto               ; Auto               ;
; NOT Gate Push-Back                                                         ; On                 ; On                 ;
; Power-Up Don't Care                                                        ; On                 ; On                 ;
; Remove Redundant Logic Cells                                               ; Off                ; Off                ;
; Remove Duplicate Registers                                                 ; On                 ; On                 ;
; Ignore CARRY Buffers                                                       ; Off                ; Off                ;
; Ignore CASCADE Buffers                                                     ; Off                ; Off                ;
; Ignore GLOBAL Buffers                                                      ; Off                ; Off                ;
; Ignore ROW GLOBAL Buffers                                                  ; Off                ; Off                ;
; Ignore LCELL Buffers                                                       ; Off                ; Off                ;
; Ignore SOFT Buffers                                                        ; On                 ; On                 ;
; Limit AHDL Integers to 32 Bits                                             ; Off                ; Off                ;
; Optimization Technique                                                     ; Balanced           ; Balanced           ;
; Carry Chain Length                                                         ; 70                 ; 70                 ;
; Auto Carry Chains                                                          ; On                 ; On                 ;
; Auto Open-Drain Pins                                                       ; On                 ; On                 ;
; Perform WYSIWYG Primitive Resynthesis                                      ; Off                ; Off                ;
; Auto ROM Replacement                                                       ; On                 ; On                 ;
; Auto RAM Replacement                                                       ; On                 ; On                 ;
; Auto DSP Block Replacement                                                 ; On                 ; On                 ;
; Auto Shift Register Replacement                                            ; Auto               ; Auto               ;
; Allow Shift Register Merging across Hierarchies                            ; Auto               ; Auto               ;
; Auto Clock Enable Replacement                                              ; On                 ; On                 ;
; Strict RAM Replacement                                                     ; Off                ; Off                ;
; Allow Synchronous Control Signals                                          ; On                 ; On                 ;
; Force Use of Synchronous Clear Signals                                     ; Off                ; Off                ;
; Auto RAM Block Balancing                                                   ; On                 ; On                 ;
; Auto RAM to Logic Cell Conversion                                          ; Off                ; Off                ;
; Auto Resource Sharing                                                      ; Off                ; Off                ;
; Allow Any RAM Size For Recognition                                         ; Off                ; Off                ;
; Allow Any ROM Size For Recognition                                         ; Off                ; Off                ;
; Allow Any Shift Register Size For Recognition                              ; Off                ; Off                ;
; Use LogicLock Constraints during Resource Balancing                        ; On                 ; On                 ;
; Ignore translate_off and synthesis_off directives                          ; Off                ; Off                ;
; Timing-Driven Synthesis                                                    ; On                 ; On                 ;
; Report Parameter Settings                                                  ; On                 ; On                 ;
; Report Source Assignments                                                  ; On                 ; On                 ;
; Report Connectivity Checks                                                 ; On                 ; On                 ;
; Ignore Maximum Fan-Out Assignments                                         ; Off                ; Off                ;
; Synchronization Register Chain Length                                      ; 2                  ; 2                  ;
; PowerPlay Power Optimization During Synthesis                              ; Normal compilation ; Normal compilation ;
; HDL message level                                                          ; Level2             ; Level2             ;
; Suppress Register Optimization Related Messages                            ; Off                ; Off                ;
; Number of Removed Registers Reported in Synthesis Report                   ; 5000               ; 5000               ;
; Number of Swept Nodes Reported in Synthesis Report                         ; 5000               ; 5000               ;
; Number of Inverted Registers Reported in Synthesis Report                  ; 100                ; 100                ;
; Clock MUX Protection                                                       ; On                 ; On                 ;
; Auto Gated Clock Conversion                                                ; Off                ; Off                ;
; Block Design Naming                                                        ; Auto               ; Auto               ;
; SDC constraint protection                                                  ; Off                ; Off                ;
; Synthesis Effort                                                           ; Auto               ; Auto               ;
; Shift Register Replacement - Allow Asynchronous Clear Signal               ; On                 ; On                 ;
; Pre-Mapping Resynthesis Optimization                                       ; Off                ; Off                ;
; Analysis & Synthesis Message Level                                         ; Medium             ; Medium             ;
; Disable Register Merging Across Hierarchies                                ; Auto               ; Auto               ;
; Resource Aware Inference For Block RAM                                     ; On                 ; On                 ;
; Synthesis Seed                                                             ; 1                  ; 1                  ;
+----------------------------------------------------------------------------+--------------------+--------------------+


Parallel compilation was disabled, but you have multiple processors available. Enable parallel compilation to reduce compilation time.
+-------------------------------------+
; Parallel Compilation                ;
+----------------------------+--------+
; Processors                 ; Number ;
+----------------------------+--------+
; Number detected on machine ; 4      ;
; Maximum allowed            ; 1      ;
+----------------------------+--------+


+-------------------------------+
; Analysis & Synthesis Messages ;
+-------------------------------+
Info: *******************************************************************
Info: Running Quartus Prime Analysis & Synthesis
    Info: Version 16.0.0 Build 211 04/27/2016 SJ Lite Edition
    Info: Processing started: Wed Oct 11 11:23:36 2017
Info: Command: quartus_map --read_settings_files=on --write_settings_files=off GECKO -c GECKO
Warning (20028): Parallel compilation is not licensed and has been disabled
Info (12021): Found 1 design units, including 1 entities, in source file GECKO.bdf
    Info (12023): Found entity 1: GECKO
Info (12021): Found 1 design units, including 1 entities, in source file ALU.bdf
    Info (12023): Found entity 1: ALU
Info (12021): Found 1 design units, including 1 entities, in source file CPU.bdf
    Info (12023): Found entity 1: CPU
Info (12021): Found 2 design units, including 1 entities, in source file /home/guillaume/ArchOrd/Lab03/vhdl/add_sub.vhd
    Info (12022): Found design unit 1: add_sub-synth File: /home/guillaume/ArchOrd/Lab03/vhdl/add_sub.vhd Line: 17
    Info (12023): Found entity 1: add_sub File: /home/guillaume/ArchOrd/Lab03/vhdl/add_sub.vhd Line: 6
Info (12021): Found 2 design units, including 1 entities, in source file /home/guillaume/ArchOrd/Lab03/vhdl/buttons.vhd
    Info (12022): Found design unit 1: buttons-synth File: /home/guillaume/ArchOrd/Lab03/vhdl/buttons.vhd Line: 22
    Info (12023): Found entity 1: buttons File: /home/guillaume/ArchOrd/Lab03/vhdl/buttons.vhd Line: 5
Info (12021): Found 2 design units, including 1 entities, in source file /home/guillaume/ArchOrd/Lab03/vhdl/comparator.vhd
    Info (12022): Found design unit 1: comparator-synth File: /home/guillaume/ArchOrd/Lab03/vhdl/comparator.vhd Line: 16
    Info (12023): Found entity 1: comparator File: /home/guillaume/ArchOrd/Lab03/vhdl/comparator.vhd Line: 4
Error (10500): VHDL syntax error at controller.vhd(76) near text ")";  expecting "!", or "=>" File: /home/guillaume/ArchOrd/Lab03/vhdl/controller.vhd Line: 76
Error (10500): VHDL syntax error at controller.vhd(95) near text "case";  expecting "!", or "=>" File: /home/guillaume/ArchOrd/Lab03/vhdl/controller.vhd Line: 95
Error (10500): VHDL syntax error at controller.vhd(126) near text "when";  expecting ";" File: /home/guillaume/ArchOrd/Lab03/vhdl/controller.vhd Line: 126
Error (10500): VHDL syntax error at controller.vhd(153) near text "when";  expecting "end", or "(", or an identifier ("when" is a reserved keyword), or a sequential statement File: /home/guillaume/ArchOrd/Lab03/vhdl/controller.vhd Line: 153
Error (10500): VHDL syntax error at controller.vhd(160) near text "when";  expecting "end", or "(", or an identifier ("when" is a reserved keyword), or a sequential statement File: /home/guillaume/ArchOrd/Lab03/vhdl/controller.vhd Line: 160
Error (10500): VHDL syntax error at controller.vhd(166) near text "when";  expecting "end", or "(", or an identifier ("when" is a reserved keyword), or a sequential statement File: /home/guillaume/ArchOrd/Lab03/vhdl/controller.vhd Line: 166
Info (12021): Found 0 design units, including 0 entities, in source file /home/guillaume/ArchOrd/Lab03/vhdl/controller.vhd
Info (12021): Found 2 design units, including 1 entities, in source file /home/guillaume/ArchOrd/Lab03/vhdl/decoder.vhd
    Info (12022): Found design unit 1: decoder-synth File: /home/guillaume/ArchOrd/Lab03/vhdl/decoder.vhd Line: 14
    Info (12023): Found entity 1: decoder File: /home/guillaume/ArchOrd/Lab03/vhdl/decoder.vhd Line: 4
Info (12021): Found 2 design units, including 1 entities, in source file /home/guillaume/ArchOrd/Lab03/vhdl/extend.vhd
    Info (12022): Found design unit 1: extend-synth File: /home/guillaume/ArchOrd/Lab03/vhdl/extend.vhd Line: 12
    Info (12023): Found entity 1: extend File: /home/guillaume/ArchOrd/Lab03/vhdl/extend.vhd Line: 4
Info (12021): Found 2 design units, including 1 entities, in source file /home/guillaume/ArchOrd/Lab03/vhdl/IR.vhd
    Info (12022): Found design unit 1: IR-synth File: /home/guillaume/ArchOrd/Lab03/vhdl/IR.vhd Line: 13
    Info (12023): Found entity 1: IR File: /home/guillaume/ArchOrd/Lab03/vhdl/IR.vhd Line: 4
Info (12021): Found 2 design units, including 1 entities, in source file /home/guillaume/ArchOrd/Lab03/vhdl/LEDs.vhd
    Info (12022): Found design unit 1: LEDs-synth File: /home/guillaume/ArchOrd/Lab03/vhdl/LEDs.vhd Line: 22
    Info (12023): Found entity 1: LEDs File: /home/guillaume/ArchOrd/Lab03/vhdl/LEDs.vhd Line: 5
Info (12021): Found 2 design units, including 1 entities, in source file /home/guillaume/ArchOrd/Lab03/vhdl/logic_unit.vhd
    Info (12022): Found design unit 1: logic_unit-synth File: /home/guillaume/ArchOrd/Lab03/vhdl/logic_unit.vhd Line: 13
    Info (12023): Found entity 1: logic_unit File: /home/guillaume/ArchOrd/Lab03/vhdl/logic_unit.vhd Line: 4
Info (12021): Found 2 design units, including 1 entities, in source file /home/guillaume/ArchOrd/Lab03/vhdl/multiplexer.vhd
    Info (12022): Found design unit 1: multiplexer-synth File: /home/guillaume/ArchOrd/Lab03/vhdl/multiplexer.vhd Line: 15
    Info (12023): Found entity 1: multiplexer File: /home/guillaume/ArchOrd/Lab03/vhdl/multiplexer.vhd Line: 4
Info (12021): Found 2 design units, including 1 entities, in source file /home/guillaume/ArchOrd/Lab03/vhdl/mux2x5.vhd
    Info (12022): Found design unit 1: mux2x5-synth File: /home/guillaume/ArchOrd/Lab03/vhdl/mux2x5.vhd Line: 13
    Info (12023): Found entity 1: mux2x5 File: /home/guillaume/ArchOrd/Lab03/vhdl/mux2x5.vhd Line: 4
Info (12021): Found 2 design units, including 1 entities, in source file /home/guillaume/ArchOrd/Lab03/vhdl/mux2x16.vhd
    Info (12022): Found design unit 1: mux2x16-synth File: /home/guillaume/ArchOrd/Lab03/vhdl/mux2x16.vhd Line: 13
    Info (12023): Found entity 1: mux2x16 File: /home/guillaume/ArchOrd/Lab03/vhdl/mux2x16.vhd Line: 4
Info (12021): Found 2 design units, including 1 entities, in source file /home/guillaume/ArchOrd/Lab03/vhdl/mux2x32.vhd
    Info (12022): Found design unit 1: mux2x32-synth File: /home/guillaume/ArchOrd/Lab03/vhdl/mux2x32.vhd Line: 13
    Info (12023): Found entity 1: mux2x32 File: /home/guillaume/ArchOrd/Lab03/vhdl/mux2x32.vhd Line: 4
Info (12021): Found 2 design units, including 1 entities, in source file /home/guillaume/ArchOrd/Lab03/vhdl/PC.vhd
    Info (12022): Found design unit 1: PC-synth File: /home/guillaume/ArchOrd/Lab03/vhdl/PC.vhd Line: 20
    Info (12023): Found entity 1: PC File: /home/guillaume/ArchOrd/Lab03/vhdl/PC.vhd Line: 6
Info (12021): Found 2 design units, including 1 entities, in source file /home/guillaume/ArchOrd/Lab03/vhdl/RAM.vhd
    Info (12022): Found design unit 1: RAM-synth File: /home/guillaume/ArchOrd/Lab03/vhdl/RAM.vhd Line: 16
    Info (12023): Found entity 1: RAM File: /home/guillaume/ArchOrd/Lab03/vhdl/RAM.vhd Line: 5
Info (12021): Found 2 design units, including 1 entities, in source file /home/guillaume/ArchOrd/Lab03/vhdl/register_file.vhd
    Info (12022): Found design unit 1: register_file-synth File: /home/guillaume/ArchOrd/Lab03/vhdl/register_file.vhd Line: 18
    Info (12023): Found entity 1: register_file File: /home/guillaume/ArchOrd/Lab03/vhdl/register_file.vhd Line: 5
Info (12021): Found 2 design units, including 1 entities, in source file /home/guillaume/ArchOrd/Lab03/vhdl/ROM.vhd
    Info (12022): Found design unit 1: ROM-synth File: /home/guillaume/ArchOrd/Lab03/vhdl/ROM.vhd Line: 14
    Info (12023): Found entity 1: ROM File: /home/guillaume/ArchOrd/Lab03/vhdl/ROM.vhd Line: 4
Info (12021): Found 2 design units, including 1 entities, in source file /home/guillaume/ArchOrd/Lab03/vhdl/ROM_Block.vhd
    Info (12022): Found design unit 1: rom_block-SYN File: /home/guillaume/ArchOrd/Lab03/vhdl/ROM_Block.vhd Line: 52
    Info (12023): Found entity 1: ROM_Block File: /home/guillaume/ArchOrd/Lab03/vhdl/ROM_Block.vhd Line: 42
Info (12021): Found 2 design units, including 1 entities, in source file /home/guillaume/ArchOrd/Lab03/vhdl/shift_unit.vhd
    Info (12022): Found design unit 1: shift_unit-synth File: /home/guillaume/ArchOrd/Lab03/vhdl/shift_unit.vhd Line: 14
    Info (12023): Found entity 1: shift_unit File: /home/guillaume/ArchOrd/Lab03/vhdl/shift_unit.vhd Line: 5
Error: Quartus Prime Analysis & Synthesis was unsuccessful. 6 errors, 1 warning
    Error: Peak virtual memory: 1229 megabytes
    Error: Processing ended: Wed Oct 11 11:23:48 2017
    Error: Elapsed time: 00:00:12
    Error: Total CPU time (on all processors): 00:00:30


